0 info it worked if it ends with ok
1 verbose cli [ 'C:\\Program Files\\nodejs\\node.exe',
1 verbose cli   'C:\\Program Files\\nodejs\\node_modules\\npm\\bin\\npm-cli.js',
1 verbose cli   'test' ]
2 info using npm@3.10.10
3 info using node@v7.2.1
4 verbose run-script [ 'pretest', 'test', 'posttest' ]
5 info lifecycle angular-quickstart@1.0.0~pretest: angular-quickstart@1.0.0
6 verbose lifecycle angular-quickstart@1.0.0~pretest: unsafe-perm in lifecycle true
7 verbose lifecycle angular-quickstart@1.0.0~pretest: PATH: C:\Program Files\nodejs\node_modules\npm\bin\node-gyp-bin;C:\Source\angular\angular2\angular2\node_modules\.bin;C:\Program Files\Git\mingw64\bin;C:\Program Files\Git\usr\bin;C:\Users\KB\bin;C:\ProgramData\Oracle\Java\javapath;C:\Windows\system32;C:\Windows;C:\Windows\System32\Wbem;C:\Windows\System32\WindowsPowerShell\v1.0;C:\Program Files\Microsoft SQL Server\120\Tools\Binn;C:\Program Files\Microsoft SQL Server\130\Tools\Binn;C:\Program Files\Microsoft SQL Server\Client SDK\ODBC\110\Tools\Binn;C:\Program Files (x86)\Microsoft SQL Server\120\Tools\Binn;C:\Program Files\Microsoft SQL Server\120\DTS\Binn;C:\Program Files (x86)\Microsoft SQL Server\120\Tools\Binn\ManagementStudio;C:\Program Files (x86)\Microsoft SQL Server\120\DTS\Binn;C:\Program Files\MySQL\MySQL Utilities 1.6;C:\Program Files\nodejs;C:\Program Files\dotnet;C:\Program Files\MATLAB\R2016b\runtime\win64;C:\Program Files\MATLAB\R2016b\bin;C:\Program Files\Git\cmd;C:\Users\KB\AppData\Local\Programs\Python\Python35-32\Scripts;C:\Users\KB\AppData\Local\Programs\Python\Python35-32;C:\Windows\system32;C:\Windows;C:\Windows\System32\Wbem;C:\Windows\System32\WindowsPowerShell\v1.0;C:\Windows\system32\config\systemprofile\.dnx\bin;C:\Program Files\Microsoft DNX\Dnvm;C:\Program Files\Microsoft SQL Server\120\Tools\Binn;C:\Program Files\Microsoft SQL Server\130\Tools\Binn;C:\Program Files\Microsoft SQL Server\Client SDK\ODBC\110\Tools\Binn;C:\Program Files (x86)\Microsoft SQL Server\120\Tools\Binn;C:\Program Files\Microsoft SQL Server\120\DTS\Binn;C:\Program Files (x86)\Microsoft SQL Server\120\Tools\Binn\ManagementStudio;C:\Program Files (x86)\Microsoft SQL Server\120\DTS\Binn;C:\Python34\Scripts;C:\Users\KB\AppData\Roaming\npm;C:\Program Files (x86)\Microsoft VS Code\bin;C:\Program Files\MongoDB\Server\3.2\bin
8 verbose lifecycle angular-quickstart@1.0.0~pretest: CWD: C:\Source\angular\angular2\angular2
9 silly lifecycle angular-quickstart@1.0.0~pretest: Args: [ '/d /s /c', 'npm run build' ]
10 silly lifecycle angular-quickstart@1.0.0~pretest: Returned: code: 0  signal: null
11 info lifecycle angular-quickstart@1.0.0~test: angular-quickstart@1.0.0
12 verbose lifecycle angular-quickstart@1.0.0~test: unsafe-perm in lifecycle true
13 verbose lifecycle angular-quickstart@1.0.0~test: PATH: C:\Program Files\nodejs\node_modules\npm\bin\node-gyp-bin;C:\Source\angular\angular2\angular2\node_modules\.bin;C:\Program Files\Git\mingw64\bin;C:\Program Files\Git\usr\bin;C:\Users\KB\bin;C:\ProgramData\Oracle\Java\javapath;C:\Windows\system32;C:\Windows;C:\Windows\System32\Wbem;C:\Windows\System32\WindowsPowerShell\v1.0;C:\Program Files\Microsoft SQL Server\120\Tools\Binn;C:\Program Files\Microsoft SQL Server\130\Tools\Binn;C:\Program Files\Microsoft SQL Server\Client SDK\ODBC\110\Tools\Binn;C:\Program Files (x86)\Microsoft SQL Server\120\Tools\Binn;C:\Program Files\Microsoft SQL Server\120\DTS\Binn;C:\Program Files (x86)\Microsoft SQL Server\120\Tools\Binn\ManagementStudio;C:\Program Files (x86)\Microsoft SQL Server\120\DTS\Binn;C:\Program Files\MySQL\MySQL Utilities 1.6;C:\Program Files\nodejs;C:\Program Files\dotnet;C:\Program Files\MATLAB\R2016b\runtime\win64;C:\Program Files\MATLAB\R2016b\bin;C:\Program Files\Git\cmd;C:\Users\KB\AppData\Local\Programs\Python\Python35-32\Scripts;C:\Users\KB\AppData\Local\Programs\Python\Python35-32;C:\Windows\system32;C:\Windows;C:\Windows\System32\Wbem;C:\Windows\System32\WindowsPowerShell\v1.0;C:\Windows\system32\config\systemprofile\.dnx\bin;C:\Program Files\Microsoft DNX\Dnvm;C:\Program Files\Microsoft SQL Server\120\Tools\Binn;C:\Program Files\Microsoft SQL Server\130\Tools\Binn;C:\Program Files\Microsoft SQL Server\Client SDK\ODBC\110\Tools\Binn;C:\Program Files (x86)\Microsoft SQL Server\120\Tools\Binn;C:\Program Files\Microsoft SQL Server\120\DTS\Binn;C:\Program Files (x86)\Microsoft SQL Server\120\Tools\Binn\ManagementStudio;C:\Program Files (x86)\Microsoft SQL Server\120\DTS\Binn;C:\Python34\Scripts;C:\Users\KB\AppData\Roaming\npm;C:\Program Files (x86)\Microsoft VS Code\bin;C:\Program Files\MongoDB\Server\3.2\bin
14 verbose lifecycle angular-quickstart@1.0.0~test: CWD: C:\Source\angular\angular2\angular2
15 silly lifecycle angular-quickstart@1.0.0~test: Args: [ '/d /s /c',
15 silly lifecycle   'concurrently "npm run build:watch" "karma start karma.conf.js"' ]
16 silly lifecycle angular-quickstart@1.0.0~test: Returned: code: 3221225786  signal: null
17 info lifecycle angular-quickstart@1.0.0~test: Failed to exec test script
18 error Test failed.  See above for more details.
19 verbose exit [ 1, true ]
20 verbose stack Error: kill ENOSYS
20 verbose stack     at exports._errnoException (util.js:1022:11)
20 verbose stack     at process.kill (internal/process.js:173:13)
20 verbose stack     at process.listener (C:\Program Files\nodejs\node_modules\npm\node_modules\npmlog\node_modules\gauge\node_modules\signal-exit\index.js:86:15)
20 verbose stack     at emitNone (events.js:91:20)
20 verbose stack     at process.emit (events.js:185:7)
20 verbose stack     at processEmit (C:\Program Files\nodejs\node_modules\npm\node_modules\npmlog\node_modules\gauge\node_modules\signal-exit\index.js:146:32)
20 verbose stack     at processEmit (C:\Program Files\nodejs\node_modules\npm\node_modules\npm-registry-client\node_modules\npmlog\node_modules\gauge\node_modules\signal-exit\index.js:146:32)
20 verbose stack     at Signal.wrap.onsignal (internal/process.js:200:44)
21 verbose cwd C:\Source\angular\angular2\angular2\src
22 error Windows_NT 6.1.7601
23 error argv "C:\\Program Files\\nodejs\\node.exe" "C:\\Program Files\\nodejs\\node_modules\\npm\\bin\\npm-cli.js" "test"
24 error node v7.2.1
25 error npm  v3.10.10
26 error code ENOSYS
27 error errno ENOSYS
28 error syscall kill
29 error kill ENOSYS
30 error If you need help, you may report this error at:
30 error     <https://github.com/npm/npm/issues>
31 verbose exit [ 1, true ]
